<?xml version="1.0" encoding="UTF-8"?>
<!-- Generated by org.testng.reporters.JUnitXMLReporter -->
<testsuite hostname="307-7" ignored="0" name="Default suite" tests="6" failures="0" timestamp="28 окт 2018 17:03:39 GMT" time="79.157" errors="0">
  <testcase name="logIn" time="9.599" classname="TestForCurse.AutoTest.TestRegContact"/>
  <testcase name="logIn" time="7.496" classname="TestForCurse.AutoTest.TestRegContact"/>
  <testcase name="logIn" time="7.463" classname="TestForCurse.AutoTest.TestRegContact"/>
  <testcase name="testRegContatct" time="21.377" classname="TestForCurse.AutoTest.TestRegContact"/>
  <testcase name="testRemoveContact" time="17.248" classname="TestForCurse.AutoTest.TestRegContact"/>
  <testcase name="findUsers" time="6.308" classname="TestForCurse.AutoTest.TestRegContact"/>
</testsuite> <!-- Default suite -->
