<?xml version="1.0" encoding="UTF-8"?>
<testng-results skipped="0" failed="1" ignored="0" total="4" passed="3">
  <reporter-output>
  </reporter-output>
  <suite name="Default suite" duration-ms="47387" started-at="2018-10-20T18:37:37Z" finished-at="2018-10-20T18:38:24Z">
    <groups>
      <group name="add">
        <method signature="TestRegContact.logIn()[pri:1, instance:TestForCurse.AutoTest.TestRegContact@4bee09]" name="logIn" class="TestForCurse.AutoTest.TestRegContact"/>
        <method signature="TestRegContact.testRegContatct()[pri:2, instance:TestForCurse.AutoTest.TestRegContact@4bee09]" name="testRegContatct" class="TestForCurse.AutoTest.TestRegContact"/>
      </group> <!-- add -->
      <group name="log">
        <method signature="TestRegContact.logIn()[pri:1, instance:TestForCurse.AutoTest.TestRegContact@4bee09]" name="logIn" class="TestForCurse.AutoTest.TestRegContact"/>
      </group> <!-- log -->
      <group name="remove">
        <method signature="TestRegContact.testRemoveContatct()[pri:3, instance:TestForCurse.AutoTest.TestRegContact@4bee09]" name="testRemoveContatct" class="TestForCurse.AutoTest.TestRegContact"/>
      </group> <!-- remove -->
    </groups>
    <test name="Default test" duration-ms="47387" started-at="2018-10-20T18:37:37Z" finished-at="2018-10-20T18:38:24Z">
      <class name="TestForCurse.AutoTest.TestRegContact">
        <test-method status="PASS" signature="start()[pri:0, instance:TestForCurse.AutoTest.TestRegContact@4bee09]" name="start" is-config="true" duration-ms="9621" started-at="2018-10-20T18:37:37Z" finished-at="2018-10-20T18:37:46Z">
          <reporter-output>
          </reporter-output>
        </test-method> <!-- start -->
        <test-method status="PASS" signature="logIn()[pri:1, instance:TestForCurse.AutoTest.TestRegContact@4bee09]" name="logIn" duration-ms="311" started-at="2018-10-20T18:37:46Z" finished-at="2018-10-20T18:37:47Z">
          <reporter-output>
          </reporter-output>
        </test-method> <!-- logIn -->
        <test-method status="PASS" signature="testRegContatct()[pri:2, instance:TestForCurse.AutoTest.TestRegContact@4bee09]" name="testRegContatct" duration-ms="17573" started-at="2018-10-20T18:37:47Z" finished-at="2018-10-20T18:38:04Z">
          <reporter-output>
          </reporter-output>
        </test-method> <!-- testRegContatct -->
        <test-method status="PASS" signature="testRemoveContatct()[pri:3, instance:TestForCurse.AutoTest.TestRegContact@4bee09]" name="testRemoveContatct" duration-ms="14832" started-at="2018-10-20T18:38:04Z" finished-at="2018-10-20T18:38:19Z">
          <reporter-output>
          </reporter-output>
        </test-method> <!-- testRemoveContatct -->
        <test-method status="FAIL" signature="findUsers()[pri:4, instance:TestForCurse.AutoTest.TestRegContact@4bee09]" name="findUsers" duration-ms="2927" started-at="2018-10-20T18:38:19Z" finished-at="2018-10-20T18:38:22Z">
          <exception class="java.lang.NullPointerException">
            <full-stacktrace>
              <![CDATA[java.lang.NullPointerException
at TestForCurse.AutoTest.TestRegContact.findUsers(TestRegContact.java:77)
at sun.reflect.NativeMethodAccessorImpl.invoke0(Native Method)
at sun.reflect.NativeMethodAccessorImpl.invoke(Unknown Source)
at sun.reflect.DelegatingMethodAccessorImpl.invoke(Unknown Source)
at java.lang.reflect.Method.invoke(Unknown Source)
at org.testng.internal.MethodInvocationHelper.invokeMethod(MethodInvocationHelper.java:124)
at org.testng.internal.Invoker.invokeMethod(Invoker.java:580)
at org.testng.internal.Invoker.invokeTestMethod(Invoker.java:716)
at org.testng.internal.Invoker.invokeTestMethods(Invoker.java:988)
at org.testng.internal.TestMethodWorker.invokeTestMethods(TestMethodWorker.java:125)
at org.testng.internal.TestMethodWorker.run(TestMethodWorker.java:109)
at org.testng.TestRunner.privateRun(TestRunner.java:648)
at org.testng.TestRunner.run(TestRunner.java:505)
at org.testng.SuiteRunner.runTest(SuiteRunner.java:455)
at org.testng.SuiteRunner.runSequentially(SuiteRunner.java:450)
at org.testng.SuiteRunner.privateRun(SuiteRunner.java:415)
at org.testng.SuiteRunner.run(SuiteRunner.java:364)
at org.testng.SuiteRunnerWorker.runSuite(SuiteRunnerWorker.java:52)
at org.testng.SuiteRunnerWorker.run(SuiteRunnerWorker.java:84)
at org.testng.TestNG.runSuitesSequentially(TestNG.java:1208)
at org.testng.TestNG.runSuitesLocally(TestNG.java:1137)
at org.testng.TestNG.runSuites(TestNG.java:1049)
at org.testng.TestNG.run(TestNG.java:1017)
at org.testng.remote.AbstractRemoteTestNG.run(AbstractRemoteTestNG.java:114)
at org.testng.remote.RemoteTestNG.initAndRun(RemoteTestNG.java:251)
at org.testng.remote.RemoteTestNG.main(RemoteTestNG.java:77)
]]>
            </full-stacktrace>
          </exception> <!-- java.lang.NullPointerException -->
          <reporter-output>
          </reporter-output>
        </test-method> <!-- findUsers -->
        <test-method status="PASS" signature="close()[pri:0, instance:TestForCurse.AutoTest.TestRegContact@4bee09]" name="close" is-config="true" duration-ms="2087" started-at="2018-10-20T18:38:22Z" finished-at="2018-10-20T18:38:24Z">
          <reporter-output>
          </reporter-output>
        </test-method> <!-- close -->
      </class> <!-- TestForCurse.AutoTest.TestRegContact -->
    </test> <!-- Default test -->
  </suite> <!-- Default suite -->
</testng-results>
