<?xml version="1.0" encoding="UTF-8"?>
<testng-results skipped="0" failed="0" ignored="0" total="6" passed="6">
  <reporter-output>
    <line>
      <![CDATA[Click on element[[ChromeDriver: chrome on XP (0bedf6cfe0b3073991e47430c9a8bc29)] -> xpath: //input[@value='Login']]]]>
    </line>
    <line>
      <![CDATA[Click on element[[ChromeDriver: chrome on XP (0bedf6cfe0b3073991e47430c9a8bc29)] -> xpath: //table//td[@class='s9']//a[12]//img[1]]]]>
    </line>
    <line>
      <![CDATA[Click on element[[ChromeDriver: chrome on XP (0bedf6cfe0b3073991e47430c9a8bc29)] -> xpath: //input[@value='Login']]]]>
    </line>
    <line>
      <![CDATA[ScreenFileD:\For Curse AutoTest\Screen\1540746172058.png]]>
    </line>
    <line>
      <![CDATA[Click on element[[ChromeDriver: chrome on XP (0bedf6cfe0b3073991e47430c9a8bc29)] -> xpath: //input[@value='Login']]]]>
    </line>
    <line>
      <![CDATA[Click on element[[ChromeDriver: chrome on XP (0bedf6cfe0b3073991e47430c9a8bc29)] -> xpath: //input[@value='Login']]]]>
    </line>
    <line>
      <![CDATA[Click on element[[ChromeDriver: chrome on XP (0bedf6cfe0b3073991e47430c9a8bc29)] -> xpath: //table//td[@class='s9']//a[3]//img[1]]]]>
    </line>
    <line>
      <![CDATA[Click on element[[ChromeDriver: chrome on XP (0bedf6cfe0b3073991e47430c9a8bc29)] -> xpath: /html[1]/body[1]/form[1]/table[1]/tbody[1]/tr[1]/td[2]/input[2]]]]>
    </line>
    <line>
      <![CDATA[Click on element[[ChromeDriver: chrome on XP (0bedf6cfe0b3073991e47430c9a8bc29)] -> xpath: //table//td[@class='s9']//a[12]//img[1]]]]>
    </line>
    <line>
      <![CDATA[Click on element[[ChromeDriver: chrome on XP (0bedf6cfe0b3073991e47430c9a8bc29)] -> xpath: //input[@value='Login']]]]>
    </line>
    <line>
      <![CDATA[Click on element[[ChromeDriver: chrome on XP (0bedf6cfe0b3073991e47430c9a8bc29)] -> xpath: //form[@name='THEFORM']/table/tbody/tr]]]>
    </line>
    <line>
      <![CDATA[Click on element[[ChromeDriver: chrome on XP (0bedf6cfe0b3073991e47430c9a8bc29)] -> xpath: /html[1]/body[1]/form[1]/table[1]/tbody[1]/tr[1]/td[2]/input[1]]]]>
    </line>
    <line>
      <![CDATA[Click on element[[ChromeDriver: chrome on XP (0bedf6cfe0b3073991e47430c9a8bc29)] -> xpath: //table//td[@class='s9']//a[12]//img[1]]]]>
    </line>
    <line>
      <![CDATA[Click on element[[ChromeDriver: chrome on XP (0bedf6cfe0b3073991e47430c9a8bc29)] -> xpath: //input[@value='Login']]]]>
    </line>
    <line>
      <![CDATA[Click on element[[ChromeDriver: chrome on XP (0bedf6cfe0b3073991e47430c9a8bc29)] -> xpath: //table//td[@class='s9']//a[12]//img[1]]]]>
    </line>
  </reporter-output>
  <suite name="Default suite" duration-ms="79157" started-at="2018-10-28T17:02:20Z" finished-at="2018-10-28T17:03:39Z">
    <groups>
      <group name="add">
        <method signature="TestRegContact.logIn(java.lang.String, java.lang.String, java.lang.String)[pri:1, instance:TestForCurse.AutoTest.TestRegContact@dafa95]" name="logIn" class="TestForCurse.AutoTest.TestRegContact"/>
        <method signature="TestRegContact.testRegContatct(java.lang.String, java.lang.String)[pri:2, instance:TestForCurse.AutoTest.TestRegContact@dafa95]" name="testRegContatct" class="TestForCurse.AutoTest.TestRegContact"/>
      </group> <!-- add -->
      <group name="log">
        <method signature="TestRegContact.logIn(java.lang.String, java.lang.String, java.lang.String)[pri:1, instance:TestForCurse.AutoTest.TestRegContact@dafa95]" name="logIn" class="TestForCurse.AutoTest.TestRegContact"/>
      </group> <!-- log -->
      <group name="remove">
        <method signature="TestRegContact.testRemoveContact()[pri:3, instance:TestForCurse.AutoTest.TestRegContact@dafa95]" name="testRemoveContact" class="TestForCurse.AutoTest.TestRegContact"/>
      </group> <!-- remove -->
    </groups>
    <test name="Default suite" duration-ms="79157" started-at="2018-10-28T17:02:20Z" finished-at="2018-10-28T17:03:39Z">
      <class name="TestForCurse.AutoTest.TestRegContact">
        <test-method status="PASS" signature="start(java.lang.String)[pri:0, instance:TestForCurse.AutoTest.TestRegContact@dafa95]" name="start" is-config="true" duration-ms="9506" started-at="2018-10-28T17:02:20Z" finished-at="2018-10-28T17:02:29Z">
          <params>
            <param index="0">
              <value>
                <![CDATA[chrome]]>
              </value>
            </param>
          </params>
          <reporter-output>
          </reporter-output>
        </test-method> <!-- start -->
        <test-method status="PASS" signature="logIn(java.lang.String, java.lang.String, java.lang.String)[pri:1, instance:TestForCurse.AutoTest.TestRegContact@dafa95]" name="logIn" duration-ms="9599" started-at="2018-10-28T17:02:29Z" data-provider="myDataForLogin" finished-at="2018-10-28T17:02:39Z">
          <params>
            <param index="0">
              <value>
                <![CDATA[EVGENIY@tut.by]]>
              </value>
            </param>
            <param index="1">
              <value>
                <![CDATA[123456]]>
              </value>
            </param>
            <param index="2">
              <value>
                <![CDATA[1]]>
              </value>
            </param>
          </params>
          <reporter-output>
            <line>
              <![CDATA[Click on element[[ChromeDriver: chrome on XP (0bedf6cfe0b3073991e47430c9a8bc29)] -> xpath: //input[@value='Login']]]]>
            </line>
            <line>
              <![CDATA[Click on element[[ChromeDriver: chrome on XP (0bedf6cfe0b3073991e47430c9a8bc29)] -> xpath: //table//td[@class='s9']//a[12]//img[1]]]]>
            </line>
          </reporter-output>
        </test-method> <!-- logIn -->
        <test-method status="PASS" signature="logIn(java.lang.String, java.lang.String, java.lang.String)[pri:1, instance:TestForCurse.AutoTest.TestRegContact@dafa95]" name="logIn" duration-ms="7496" started-at="2018-10-28T17:02:39Z" data-provider="myDataForLogin" finished-at="2018-10-28T17:02:46Z">
          <params>
            <param index="0">
              <value>
                <![CDATA[EVGENIY@tut.by]]>
              </value>
            </param>
            <param index="1">
              <value>
                <![CDATA[vbg]]>
              </value>
            </param>
            <param index="2">
              <value>
                <![CDATA[2]]>
              </value>
            </param>
          </params>
          <reporter-output>
            <line>
              <![CDATA[Click on element[[ChromeDriver: chrome on XP (0bedf6cfe0b3073991e47430c9a8bc29)] -> xpath: //input[@value='Login']]]]>
            </line>
          </reporter-output>
        </test-method> <!-- logIn -->
        <test-method status="PASS" signature="logIn(java.lang.String, java.lang.String, java.lang.String)[pri:1, instance:TestForCurse.AutoTest.TestRegContact@dafa95]" name="logIn" duration-ms="7463" started-at="2018-10-28T17:02:46Z" data-provider="myDataForLogin" finished-at="2018-10-28T17:02:54Z">
          <params>
            <param index="0">
              <value>
                <![CDATA[EVGENIY@tutt.by]]>
              </value>
            </param>
            <param index="1">
              <value>
                <![CDATA[123456]]>
              </value>
            </param>
            <param index="2">
              <value>
                <![CDATA[3]]>
              </value>
            </param>
          </params>
          <reporter-output>
            <line>
              <![CDATA[ScreenFileD:\For Curse AutoTest\Screen\1540746172058.png]]>
            </line>
            <line>
              <![CDATA[Click on element[[ChromeDriver: chrome on XP (0bedf6cfe0b3073991e47430c9a8bc29)] -> xpath: //input[@value='Login']]]]>
            </line>
          </reporter-output>
        </test-method> <!-- logIn -->
        <test-method status="PASS" signature="testRegContatct(java.lang.String, java.lang.String)[pri:2, instance:TestForCurse.AutoTest.TestRegContact@dafa95]" name="testRegContatct" duration-ms="21377" started-at="2018-10-28T17:02:54Z" data-provider="myDataForLogin" finished-at="2018-10-28T17:03:15Z">
          <params>
            <param index="0">
              <value>
                <![CDATA[EVGENIY@tut.by]]>
              </value>
            </param>
            <param index="1">
              <value>
                <![CDATA[123456]]>
              </value>
            </param>
          </params>
          <reporter-output>
            <line>
              <![CDATA[Click on element[[ChromeDriver: chrome on XP (0bedf6cfe0b3073991e47430c9a8bc29)] -> xpath: //input[@value='Login']]]]>
            </line>
            <line>
              <![CDATA[Click on element[[ChromeDriver: chrome on XP (0bedf6cfe0b3073991e47430c9a8bc29)] -> xpath: //table//td[@class='s9']//a[3]//img[1]]]]>
            </line>
            <line>
              <![CDATA[Click on element[[ChromeDriver: chrome on XP (0bedf6cfe0b3073991e47430c9a8bc29)] -> xpath: /html[1]/body[1]/form[1]/table[1]/tbody[1]/tr[1]/td[2]/input[2]]]]>
            </line>
            <line>
              <![CDATA[Click on element[[ChromeDriver: chrome on XP (0bedf6cfe0b3073991e47430c9a8bc29)] -> xpath: //table//td[@class='s9']//a[12]//img[1]]]]>
            </line>
          </reporter-output>
        </test-method> <!-- testRegContatct -->
        <test-method status="PASS" signature="testRemoveContact()[pri:3, instance:TestForCurse.AutoTest.TestRegContact@dafa95]" name="testRemoveContact" duration-ms="17248" started-at="2018-10-28T17:03:15Z" finished-at="2018-10-28T17:03:32Z">
          <reporter-output>
            <line>
              <![CDATA[Click on element[[ChromeDriver: chrome on XP (0bedf6cfe0b3073991e47430c9a8bc29)] -> xpath: //input[@value='Login']]]]>
            </line>
            <line>
              <![CDATA[Click on element[[ChromeDriver: chrome on XP (0bedf6cfe0b3073991e47430c9a8bc29)] -> xpath: //form[@name='THEFORM']/table/tbody/tr]]]>
            </line>
            <line>
              <![CDATA[Click on element[[ChromeDriver: chrome on XP (0bedf6cfe0b3073991e47430c9a8bc29)] -> xpath: /html[1]/body[1]/form[1]/table[1]/tbody[1]/tr[1]/td[2]/input[1]]]]>
            </line>
            <line>
              <![CDATA[Click on element[[ChromeDriver: chrome on XP (0bedf6cfe0b3073991e47430c9a8bc29)] -> xpath: //table//td[@class='s9']//a[12]//img[1]]]]>
            </line>
          </reporter-output>
        </test-method> <!-- testRemoveContact -->
        <test-method status="PASS" signature="findUsers()[pri:4, instance:TestForCurse.AutoTest.TestRegContact@dafa95]" name="findUsers" duration-ms="6308" started-at="2018-10-28T17:03:32Z" finished-at="2018-10-28T17:03:39Z">
          <reporter-output>
            <line>
              <![CDATA[Click on element[[ChromeDriver: chrome on XP (0bedf6cfe0b3073991e47430c9a8bc29)] -> xpath: //input[@value='Login']]]]>
            </line>
            <line>
              <![CDATA[Click on element[[ChromeDriver: chrome on XP (0bedf6cfe0b3073991e47430c9a8bc29)] -> xpath: //table//td[@class='s9']//a[12]//img[1]]]]>
            </line>
          </reporter-output>
        </test-method> <!-- findUsers -->
        <test-method status="PASS" signature="close()[pri:0, instance:TestForCurse.AutoTest.TestRegContact@dafa95]" name="close" is-config="true" duration-ms="113" started-at="2018-10-28T17:03:39Z" finished-at="2018-10-28T17:03:39Z">
          <reporter-output>
          </reporter-output>
        </test-method> <!-- close -->
      </class> <!-- TestForCurse.AutoTest.TestRegContact -->
    </test> <!-- Default suite -->
  </suite> <!-- Default suite -->
</testng-results>
